{
"./src/surface.js":{"path":"./src/surface.js","s":{"1":1,"2":1,"3":1,"4":1,"5":1,"6":0,"7":0,"8":0,"9":0,"10":0,"11":0,"12":0,"13":0,"14":0,"15":0,"16":0,"17":0,"18":0,"19":0,"20":0,"21":0,"22":1,"23":0,"24":0,"25":1,"26":0,"27":0,"28":0,"29":0,"30":0,"31":0,"32":0,"33":0,"34":0,"35":0,"36":0,"37":0,"38":0,"39":0,"40":0,"41":0,"42":0,"43":0,"44":0,"45":0,"46":0,"47":0,"48":0,"49":0,"50":0,"51":0,"52":0,"53":0,"54":0,"55":0,"56":0,"57":0,"58":0,"59":0,"60":1,"61":1,"62":1,"63":1,"64":1,"65":1,"66":1,"67":1,"68":1,"69":0,"70":0,"71":0,"72":0,"73":0,"74":0,"75":0,"76":1,"77":0,"78":0,"79":0,"80":0,"81":0,"82":0,"83":0,"84":1,"85":0,"86":0,"87":0,"88":0,"89":0,"90":1,"91":0,"92":0,"93":0,"94":0,"95":0,"96":0,"97":0,"98":0,"99":0,"100":0,"101":0,"102":1,"103":0,"104":0,"105":0,"106":0,"107":0,"108":0,"109":0,"110":0,"111":0,"112":1,"113":0,"114":0,"115":0,"116":0,"117":0,"118":0,"119":0,"120":0,"121":0,"122":1,"123":0,"124":0,"125":0,"126":0,"127":0,"128":0,"129":1,"130":0,"131":0,"132":0,"133":0,"134":0,"135":0,"136":0,"137":0,"138":0,"139":1,"140":0,"141":0,"142":0,"143":0,"144":0,"145":0,"146":0,"147":0,"148":0,"149":1,"150":0,"151":1,"152":0,"153":0,"154":0,"155":0,"156":0,"157":0,"158":0,"159":0,"160":1,"161":0,"162":0,"163":0,"164":0,"165":0,"166":0,"167":0,"168":0,"169":1,"170":0,"171":0,"172":0,"173":0,"174":0,"175":0,"176":0,"177":0,"178":0,"179":0,"180":0,"181":0,"182":0,"183":0,"184":1,"185":0,"186":0,"187":0,"188":1,"189":0,"190":0,"191":0,"192":0,"193":0,"194":1,"195":0,"196":0,"197":0,"198":0,"199":1,"200":0,"201":0,"202":0,"203":0,"204":0,"205":0,"206":1,"207":0,"208":0,"209":0,"210":0,"211":1,"212":0,"213":0,"214":0,"215":0,"216":0,"217":0,"218":0,"219":0,"220":0,"221":0},"b":{"1":[0,0],"2":[0,0],"3":[0,0],"4":[0,0],"5":[0,0],"6":[0,0],"7":[0,0,0],"8":[0,0],"9":[0,0],"10":[0,0],"11":[0,0],"12":[0,0],"13":[0,0],"14":[0,0],"15":[0,0],"16":[0,0],"17":[0,0],"18":[0,0],"19":[0,0],"20":[0,0],"21":[0,0],"22":[0,0],"23":[0,0],"24":[0,0],"25":[0,0],"26":[0,0],"27":[0,0],"28":[0,0],"29":[0,0],"30":[0,0],"31":[0,0],"32":[0,0],"33":[0,0],"34":[0,0],"35":[0,0],"36":[0,0],"37":[0,0],"38":[0,0],"39":[0,0],"40":[0,0,0],"41":[0,0],"42":[0,0],"43":[0,0],"44":[0,0],"45":[0,0],"46":[0,0],"47":[0,0],"48":[0,0],"49":[0,0],"50":[0,0],"51":[0,0],"52":[0,0]},"f":{"1":0,"2":0,"3":0,"4":0,"5":0,"6":0,"7":0,"8":0,"9":0,"10":0,"11":0,"12":0,"13":0,"14":0,"15":0,"16":0,"17":0,"18":0,"19":0,"20":0,"21":0,"22":0,"23":0,"24":0,"25":0,"26":0,"27":0,"28":0,"29":0,"30":0,"31":0,"32":0},"fnMap":{"1":{"name":"(anonymous_1)","line":11,"loc":{"start":{"line":11,"column":31},"end":{"line":11,"column":50}}},"2":{"name":"(anonymous_2)","line":35,"loc":{"start":{"line":35,"column":17},"end":{"line":35,"column":36}}},"3":{"name":"(anonymous_3)","line":41,"loc":{"start":{"line":41,"column":17},"end":{"line":41,"column":34}}},"4":{"name":"(anonymous_4)","line":64,"loc":{"start":{"line":64,"column":7},"end":{"line":64,"column":17}}},"5":{"name":"(anonymous_5)","line":69,"loc":{"start":{"line":69,"column":7},"end":{"line":69,"column":22}}},"6":{"name":"(anonymous_6)","line":76,"loc":{"start":{"line":76,"column":7},"end":{"line":76,"column":17}}},"7":{"name":"(anonymous_7)","line":77,"loc":{"start":{"line":77,"column":7},"end":{"line":77,"column":22}}},"8":{"name":"(anonymous_8)","line":81,"loc":{"start":{"line":81,"column":7},"end":{"line":81,"column":17}}},"9":{"name":"(anonymous_9)","line":82,"loc":{"start":{"line":82,"column":7},"end":{"line":82,"column":22}}},"10":{"name":"(anonymous_10)","line":86,"loc":{"start":{"line":86,"column":7},"end":{"line":86,"column":17}}},"11":{"name":"(anonymous_11)","line":90,"loc":{"start":{"line":90,"column":7},"end":{"line":90,"column":17}}},"12":{"name":"(anonymous_12)","line":94,"loc":{"start":{"line":94,"column":7},"end":{"line":94,"column":17}}},"13":{"name":"(anonymous_13)","line":98,"loc":{"start":{"line":98,"column":7},"end":{"line":98,"column":17}}},"14":{"name":"(anonymous_14)","line":118,"loc":{"start":{"line":118,"column":26},"end":{"line":118,"column":36}}},"15":{"name":"(anonymous_15)","line":131,"loc":{"start":{"line":131,"column":39},"end":{"line":131,"column":49}}},"16":{"name":"(anonymous_16)","line":141,"loc":{"start":{"line":141,"column":38},"end":{"line":141,"column":48}}},"17":{"name":"(anonymous_17)","line":149,"loc":{"start":{"line":149,"column":34},"end":{"line":149,"column":44}}},"18":{"name":"(anonymous_18)","line":169,"loc":{"start":{"line":169,"column":46},"end":{"line":169,"column":84}}},"19":{"name":"(anonymous_19)","line":184,"loc":{"start":{"line":184,"column":44},"end":{"line":184,"column":82}}},"20":{"name":"(anonymous_20)","line":199,"loc":{"start":{"line":199,"column":38},"end":{"line":199,"column":86}}},"21":{"name":"(anonymous_21)","line":212,"loc":{"start":{"line":212,"column":48},"end":{"line":212,"column":96}}},"22":{"name":"(anonymous_22)","line":227,"loc":{"start":{"line":227,"column":46},"end":{"line":227,"column":94}}},"23":{"name":"preventDefault","line":242,"loc":{"start":{"line":242,"column":0},"end":{"line":242,"column":26}}},"24":{"name":"(anonymous_24)","line":246,"loc":{"start":{"line":246,"column":43},"end":{"line":246,"column":53}}},"25":{"name":"(anonymous_25)","line":260,"loc":{"start":{"line":260,"column":43},"end":{"line":260,"column":53}}},"26":{"name":"(anonymous_26)","line":275,"loc":{"start":{"line":275,"column":37},"end":{"line":275,"column":48}}},"27":{"name":"(anonymous_27)","line":292,"loc":{"start":{"line":292,"column":40},"end":{"line":292,"column":51}}},"28":{"name":"(anonymous_28)","line":312,"loc":{"start":{"line":312,"column":32},"end":{"line":312,"column":63}}},"29":{"name":"(anonymous_29)","line":320,"loc":{"start":{"line":320,"column":36},"end":{"line":320,"column":57}}},"30":{"name":"(anonymous_30)","line":327,"loc":{"start":{"line":327,"column":33},"end":{"line":327,"column":64}}},"31":{"name":"(anonymous_31)","line":336,"loc":{"start":{"line":336,"column":37},"end":{"line":336,"column":58}}},"32":{"name":"(anonymous_32)","line":343,"loc":{"start":{"line":343,"column":46},"end":{"line":343,"column":88}}}},"statementMap":{"1":{"start":{"line":3,"column":0},"end":{"line":3,"column":79}},"2":{"start":{"line":4,"column":0},"end":{"line":4,"column":63}},"3":{"start":{"line":6,"column":0},"end":{"line":6,"column":63}},"4":{"start":{"line":8,"column":0},"end":{"line":9,"column":69}},"5":{"start":{"line":11,"column":0},"end":{"line":33,"column":2}},"6":{"start":{"line":12,"column":1},"end":{"line":12,"column":28}},"7":{"start":{"line":13,"column":1},"end":{"line":13,"column":46}},"8":{"start":{"line":14,"column":1},"end":{"line":14,"column":42}},"9":{"start":{"line":15,"column":1},"end":{"line":15,"column":37}},"10":{"start":{"line":17,"column":1},"end":{"line":17,"column":14}},"11":{"start":{"line":18,"column":1},"end":{"line":18,"column":35}},"12":{"start":{"line":20,"column":1},"end":{"line":20,"column":29}},"13":{"start":{"line":21,"column":1},"end":{"line":21,"column":27}},"14":{"start":{"line":23,"column":1},"end":{"line":23,"column":29}},"15":{"start":{"line":24,"column":1},"end":{"line":24,"column":27}},"16":{"start":{"line":26,"column":1},"end":{"line":26,"column":26}},"17":{"start":{"line":27,"column":1},"end":{"line":27,"column":22}},"18":{"start":{"line":28,"column":1},"end":{"line":28,"column":25}},"19":{"start":{"line":30,"column":1},"end":{"line":30,"column":64}},"20":{"start":{"line":31,"column":1},"end":{"line":31,"column":58}},"21":{"start":{"line":32,"column":1},"end":{"line":32,"column":52}},"22":{"start":{"line":35,"column":0},"end":{"line":39,"column":2}},"23":{"start":{"line":36,"column":1},"end":{"line":36,"column":38}},"24":{"start":{"line":38,"column":1},"end":{"line":38,"column":32}},"25":{"start":{"line":41,"column":0},"end":{"line":102,"column":2}},"26":{"start":{"line":42,"column":1},"end":{"line":42,"column":14}},"27":{"start":{"line":44,"column":1},"end":{"line":44,"column":51}},"28":{"start":{"line":45,"column":1},"end":{"line":45,"column":75}},"29":{"start":{"line":47,"column":1},"end":{"line":47,"column":41}},"30":{"start":{"line":48,"column":1},"end":{"line":48,"column":31}},"31":{"start":{"line":49,"column":1},"end":{"line":49,"column":35}},"32":{"start":{"line":51,"column":1},"end":{"line":51,"column":45}},"33":{"start":{"line":52,"column":1},"end":{"line":52,"column":58}},"34":{"start":{"line":53,"column":1},"end":{"line":53,"column":52}},"35":{"start":{"line":54,"column":1},"end":{"line":54,"column":60}},"36":{"start":{"line":56,"column":1},"end":{"line":56,"column":53}},"37":{"start":{"line":57,"column":1},"end":{"line":57,"column":73}},"38":{"start":{"line":58,"column":1},"end":{"line":58,"column":69}},"39":{"start":{"line":60,"column":1},"end":{"line":60,"column":70}},"40":{"start":{"line":61,"column":1},"end":{"line":61,"column":66}},"41":{"start":{"line":63,"column":1},"end":{"line":73,"column":4}},"42":{"start":{"line":65,"column":3},"end":{"line":67,"column":13}},"43":{"start":{"line":70,"column":3},"end":{"line":70,"column":46}},"44":{"start":{"line":71,"column":3},"end":{"line":71,"column":44}},"45":{"start":{"line":75,"column":1},"end":{"line":78,"column":4}},"46":{"start":{"line":76,"column":19},"end":{"line":76,"column":61}},"47":{"start":{"line":77,"column":24},"end":{"line":77,"column":67}},"48":{"start":{"line":80,"column":1},"end":{"line":83,"column":4}},"49":{"start":{"line":81,"column":19},"end":{"line":81,"column":59}},"50":{"start":{"line":82,"column":24},"end":{"line":82,"column":65}},"51":{"start":{"line":85,"column":1},"end":{"line":87,"column":4}},"52":{"start":{"line":86,"column":18},"end":{"line":86,"column":39}},"53":{"start":{"line":89,"column":1},"end":{"line":91,"column":4}},"54":{"start":{"line":90,"column":18},"end":{"line":90,"column":40}},"55":{"start":{"line":93,"column":1},"end":{"line":95,"column":4}},"56":{"start":{"line":94,"column":18},"end":{"line":94,"column":37}},"57":{"start":{"line":97,"column":1},"end":{"line":99,"column":4}},"58":{"start":{"line":98,"column":18},"end":{"line":98,"column":38}},"59":{"start":{"line":101,"column":1},"end":{"line":101,"column":12}},"60":{"start":{"line":104,"column":0},"end":{"line":104,"column":47}},"61":{"start":{"line":105,"column":0},"end":{"line":105,"column":45}},"62":{"start":{"line":107,"column":0},"end":{"line":107,"column":45}},"63":{"start":{"line":108,"column":0},"end":{"line":108,"column":43}},"64":{"start":{"line":110,"column":0},"end":{"line":110,"column":33}},"65":{"start":{"line":113,"column":0},"end":{"line":113,"column":72}},"66":{"start":{"line":114,"column":0},"end":{"line":114,"column":70}},"67":{"start":{"line":116,"column":0},"end":{"line":116,"column":56}},"68":{"start":{"line":118,"column":0},"end":{"line":129,"column":2}},"69":{"start":{"line":119,"column":1},"end":{"line":119,"column":51}},"70":{"start":{"line":121,"column":1},"end":{"line":121,"column":25}},"71":{"start":{"line":122,"column":1},"end":{"line":122,"column":33}},"72":{"start":{"line":124,"column":1},"end":{"line":124,"column":27}},"73":{"start":{"line":125,"column":1},"end":{"line":125,"column":35}},"74":{"start":{"line":127,"column":1},"end":{"line":127,"column":21}},"75":{"start":{"line":128,"column":1},"end":{"line":128,"column":23}},"76":{"start":{"line":131,"column":0},"end":{"line":139,"column":2}},"77":{"start":{"line":132,"column":1},"end":{"line":132,"column":30}},"78":{"start":{"line":132,"column":23},"end":{"line":132,"column":30}},"79":{"start":{"line":134,"column":1},"end":{"line":134,"column":26}},"80":{"start":{"line":135,"column":1},"end":{"line":135,"column":32}},"81":{"start":{"line":136,"column":1},"end":{"line":136,"column":69}},"82":{"start":{"line":137,"column":1},"end":{"line":137,"column":31}},"83":{"start":{"line":138,"column":1},"end":{"line":138,"column":33}},"84":{"start":{"line":141,"column":0},"end":{"line":147,"column":2}},"85":{"start":{"line":142,"column":1},"end":{"line":142,"column":31}},"86":{"start":{"line":142,"column":24},"end":{"line":142,"column":31}},"87":{"start":{"line":144,"column":1},"end":{"line":144,"column":27}},"88":{"start":{"line":145,"column":1},"end":{"line":145,"column":47}},"89":{"start":{"line":146,"column":1},"end":{"line":146,"column":32}},"90":{"start":{"line":149,"column":0},"end":{"line":167,"column":2}},"91":{"start":{"line":150,"column":1},"end":{"line":151,"column":65}},"92":{"start":{"line":153,"column":1},"end":{"line":154,"column":61}},"93":{"start":{"line":155,"column":1},"end":{"line":156,"column":57}},"94":{"start":{"line":157,"column":1},"end":{"line":157,"column":33}},"95":{"start":{"line":159,"column":1},"end":{"line":166,"column":2}},"96":{"start":{"line":160,"column":2},"end":{"line":160,"column":61}},"97":{"start":{"line":161,"column":2},"end":{"line":161,"column":57}},"98":{"start":{"line":162,"column":2},"end":{"line":162,"column":101}},"99":{"start":{"line":163,"column":2},"end":{"line":163,"column":70}},"100":{"start":{"line":164,"column":8},"end":{"line":166,"column":2}},"101":{"start":{"line":165,"column":2},"end":{"line":165,"column":70}},"102":{"start":{"line":169,"column":0},"end":{"line":182,"column":2}},"103":{"start":{"line":170,"column":1},"end":{"line":170,"column":58}},"104":{"start":{"line":170,"column":23},"end":{"line":170,"column":58}},"105":{"start":{"line":172,"column":1},"end":{"line":172,"column":63}},"106":{"start":{"line":172,"column":30},"end":{"line":172,"column":63}},"107":{"start":{"line":174,"column":1},"end":{"line":181,"column":2}},"108":{"start":{"line":175,"column":2},"end":{"line":175,"column":19}},"109":{"start":{"line":176,"column":2},"end":{"line":177,"column":56}},"110":{"start":{"line":178,"column":2},"end":{"line":178,"column":97}},"111":{"start":{"line":180,"column":2},"end":{"line":180,"column":39}},"112":{"start":{"line":184,"column":0},"end":{"line":197,"column":2}},"113":{"start":{"line":185,"column":1},"end":{"line":185,"column":56}},"114":{"start":{"line":185,"column":23},"end":{"line":185,"column":56}},"115":{"start":{"line":187,"column":1},"end":{"line":187,"column":59}},"116":{"start":{"line":187,"column":28},"end":{"line":187,"column":59}},"117":{"start":{"line":189,"column":1},"end":{"line":196,"column":2}},"118":{"start":{"line":190,"column":2},"end":{"line":190,"column":19}},"119":{"start":{"line":191,"column":2},"end":{"line":192,"column":56}},"120":{"start":{"line":193,"column":2},"end":{"line":193,"column":93}},"121":{"start":{"line":195,"column":2},"end":{"line":195,"column":37}},"122":{"start":{"line":199,"column":0},"end":{"line":210,"column":2}},"123":{"start":{"line":200,"column":1},"end":{"line":206,"column":2}},"124":{"start":{"line":201,"column":2},"end":{"line":203,"column":3}},"125":{"start":{"line":202,"column":3},"end":{"line":202,"column":40}},"126":{"start":{"line":205,"column":2},"end":{"line":205,"column":16}},"127":{"start":{"line":208,"column":1},"end":{"line":208,"column":74}},"128":{"start":{"line":209,"column":1},"end":{"line":209,"column":62}},"129":{"start":{"line":212,"column":0},"end":{"line":225,"column":2}},"130":{"start":{"line":213,"column":1},"end":{"line":213,"column":60}},"131":{"start":{"line":213,"column":23},"end":{"line":213,"column":60}},"132":{"start":{"line":215,"column":1},"end":{"line":215,"column":65}},"133":{"start":{"line":215,"column":31},"end":{"line":215,"column":65}},"134":{"start":{"line":217,"column":1},"end":{"line":224,"column":2}},"135":{"start":{"line":218,"column":2},"end":{"line":218,"column":19}},"136":{"start":{"line":219,"column":2},"end":{"line":220,"column":56}},"137":{"start":{"line":221,"column":2},"end":{"line":221,"column":110}},"138":{"start":{"line":223,"column":2},"end":{"line":223,"column":41}},"139":{"start":{"line":227,"column":0},"end":{"line":240,"column":2}},"140":{"start":{"line":228,"column":1},"end":{"line":228,"column":58}},"141":{"start":{"line":228,"column":23},"end":{"line":228,"column":58}},"142":{"start":{"line":230,"column":1},"end":{"line":230,"column":61}},"143":{"start":{"line":230,"column":29},"end":{"line":230,"column":61}},"144":{"start":{"line":232,"column":1},"end":{"line":239,"column":2}},"145":{"start":{"line":233,"column":2},"end":{"line":233,"column":19}},"146":{"start":{"line":234,"column":2},"end":{"line":235,"column":56}},"147":{"start":{"line":236,"column":2},"end":{"line":236,"column":106}},"148":{"start":{"line":238,"column":2},"end":{"line":238,"column":39}},"149":{"start":{"line":242,"column":0},"end":{"line":244,"column":1}},"150":{"start":{"line":243,"column":1},"end":{"line":243,"column":20}},"151":{"start":{"line":246,"column":0},"end":{"line":258,"column":2}},"152":{"start":{"line":247,"column":1},"end":{"line":247,"column":33}},"153":{"start":{"line":247,"column":26},"end":{"line":247,"column":33}},"154":{"start":{"line":248,"column":1},"end":{"line":248,"column":29}},"155":{"start":{"line":250,"column":1},"end":{"line":255,"column":2}},"156":{"start":{"line":251,"column":2},"end":{"line":251,"column":59}},"157":{"start":{"line":252,"column":2},"end":{"line":252,"column":63}},"158":{"start":{"line":254,"column":2},"end":{"line":254,"column":73}},"159":{"start":{"line":257,"column":1},"end":{"line":257,"column":45}},"160":{"start":{"line":260,"column":0},"end":{"line":273,"column":2}},"161":{"start":{"line":261,"column":1},"end":{"line":261,"column":34}},"162":{"start":{"line":261,"column":27},"end":{"line":261,"column":34}},"163":{"start":{"line":262,"column":1},"end":{"line":262,"column":30}},"164":{"start":{"line":264,"column":1},"end":{"line":269,"column":2}},"165":{"start":{"line":265,"column":2},"end":{"line":265,"column":60}},"166":{"start":{"line":266,"column":2},"end":{"line":266,"column":66}},"167":{"start":{"line":268,"column":2},"end":{"line":268,"column":76}},"168":{"start":{"line":272,"column":1},"end":{"line":272,"column":44}},"169":{"start":{"line":275,"column":0},"end":{"line":288,"column":2}},"170":{"start":{"line":276,"column":1},"end":{"line":276,"column":47}},"171":{"start":{"line":277,"column":1},"end":{"line":277,"column":45}},"172":{"start":{"line":279,"column":1},"end":{"line":279,"column":63}},"173":{"start":{"line":279,"column":35},"end":{"line":279,"column":63}},"174":{"start":{"line":280,"column":1},"end":{"line":280,"column":59}},"175":{"start":{"line":280,"column":33},"end":{"line":280,"column":59}},"176":{"start":{"line":282,"column":1},"end":{"line":282,"column":61}},"177":{"start":{"line":282,"column":33},"end":{"line":282,"column":61}},"178":{"start":{"line":283,"column":1},"end":{"line":283,"column":57}},"179":{"start":{"line":283,"column":31},"end":{"line":283,"column":57}},"180":{"start":{"line":285,"column":1},"end":{"line":285,"column":56}},"181":{"start":{"line":285,"column":26},"end":{"line":285,"column":56}},"182":{"start":{"line":286,"column":1},"end":{"line":286,"column":54}},"183":{"start":{"line":286,"column":26},"end":{"line":286,"column":54}},"184":{"start":{"line":292,"column":0},"end":{"line":310,"column":2}},"185":{"start":{"line":294,"column":1},"end":{"line":296,"column":33}},"186":{"start":{"line":298,"column":1},"end":{"line":303,"column":3}},"187":{"start":{"line":304,"column":1},"end":{"line":309,"column":3}},"188":{"start":{"line":312,"column":0},"end":{"line":318,"column":2}},"189":{"start":{"line":313,"column":1},"end":{"line":313,"column":54}},"190":{"start":{"line":313,"column":22},"end":{"line":313,"column":54}},"191":{"start":{"line":315,"column":1},"end":{"line":315,"column":69}},"192":{"start":{"line":315,"column":25},"end":{"line":315,"column":69}},"193":{"start":{"line":317,"column":1},"end":{"line":317,"column":34}},"194":{"start":{"line":320,"column":0},"end":{"line":325,"column":2}},"195":{"start":{"line":321,"column":1},"end":{"line":321,"column":54}},"196":{"start":{"line":321,"column":22},"end":{"line":321,"column":54}},"197":{"start":{"line":323,"column":1},"end":{"line":323,"column":34}},"198":{"start":{"line":324,"column":1},"end":{"line":324,"column":78}},"199":{"start":{"line":327,"column":0},"end":{"line":334,"column":2}},"200":{"start":{"line":328,"column":1},"end":{"line":328,"column":51}},"201":{"start":{"line":328,"column":22},"end":{"line":328,"column":51}},"202":{"start":{"line":330,"column":1},"end":{"line":330,"column":89}},"203":{"start":{"line":330,"column":25},"end":{"line":330,"column":89}},"204":{"start":{"line":332,"column":1},"end":{"line":332,"column":31}},"205":{"start":{"line":333,"column":1},"end":{"line":333,"column":72}},"206":{"start":{"line":336,"column":0},"end":{"line":341,"column":2}},"207":{"start":{"line":337,"column":1},"end":{"line":337,"column":55}},"208":{"start":{"line":337,"column":22},"end":{"line":337,"column":55}},"209":{"start":{"line":339,"column":1},"end":{"line":339,"column":35}},"210":{"start":{"line":340,"column":1},"end":{"line":340,"column":86}},"211":{"start":{"line":343,"column":0},"end":{"line":362,"column":2}},"212":{"start":{"line":344,"column":1},"end":{"line":346,"column":15}},"213":{"start":{"line":348,"column":1},"end":{"line":359,"column":2}},"214":{"start":{"line":349,"column":2},"end":{"line":358,"column":3}},"215":{"start":{"line":350,"column":3},"end":{"line":351,"column":37}},"216":{"start":{"line":350,"column":13},"end":{"line":350,"column":27}},"217":{"start":{"line":351,"column":8},"end":{"line":351,"column":37}},"218":{"start":{"line":353,"column":3},"end":{"line":357,"column":4}},"219":{"start":{"line":354,"column":4},"end":{"line":354,"column":43}},"220":{"start":{"line":356,"column":4},"end":{"line":356,"column":49}},"221":{"start":{"line":361,"column":1},"end":{"line":361,"column":39}}},"branchMap":{"1":{"line":65,"type":"cond-expr","locations":[{"start":{"line":66,"column":6},"end":{"line":66,"column":40}},{"start":{"line":67,"column":6},"end":{"line":67,"column":12}}]},"2":{"line":132,"type":"if","locations":[{"start":{"line":132,"column":1},"end":{"line":132,"column":1}},{"start":{"line":132,"column":1},"end":{"line":132,"column":1}}]},"3":{"line":142,"type":"if","locations":[{"start":{"line":142,"column":1},"end":{"line":142,"column":1}},{"start":{"line":142,"column":1},"end":{"line":142,"column":1}}]},"4":{"line":159,"type":"if","locations":[{"start":{"line":159,"column":1},"end":{"line":159,"column":1}},{"start":{"line":159,"column":1},"end":{"line":159,"column":1}}]},"5":{"line":159,"type":"binary-expr","locations":[{"start":{"line":159,"column":4},"end":{"line":159,"column":35}},{"start":{"line":159,"column":39},"end":{"line":159,"column":68}}]},"6":{"line":164,"type":"if","locations":[{"start":{"line":164,"column":8},"end":{"line":164,"column":8}},{"start":{"line":164,"column":8},"end":{"line":164,"column":8}}]},"7":{"line":164,"type":"binary-expr","locations":[{"start":{"line":164,"column":11},"end":{"line":164,"column":31}},{"start":{"line":164,"column":35},"end":{"line":164,"column":62}},{"start":{"line":164,"column":66},"end":{"line":164,"column":91}}]},"8":{"line":170,"type":"if","locations":[{"start":{"line":170,"column":1},"end":{"line":170,"column":1}},{"start":{"line":170,"column":1},"end":{"line":170,"column":1}}]},"9":{"line":172,"type":"if","locations":[{"start":{"line":172,"column":1},"end":{"line":172,"column":1}},{"start":{"line":172,"column":1},"end":{"line":172,"column":1}}]},"10":{"line":174,"type":"if","locations":[{"start":{"line":174,"column":1},"end":{"line":174,"column":1}},{"start":{"line":174,"column":1},"end":{"line":174,"column":1}}]},"11":{"line":176,"type":"cond-expr","locations":[{"start":{"line":177,"column":3},"end":{"line":177,"column":27}},{"start":{"line":177,"column":30},"end":{"line":177,"column":55}}]},"12":{"line":176,"type":"binary-expr","locations":[{"start":{"line":176,"column":15},"end":{"line":176,"column":25}},{"start":{"line":176,"column":30},"end":{"line":176,"column":66}}]},"13":{"line":185,"type":"if","locations":[{"start":{"line":185,"column":1},"end":{"line":185,"column":1}},{"start":{"line":185,"column":1},"end":{"line":185,"column":1}}]},"14":{"line":187,"type":"if","locations":[{"start":{"line":187,"column":1},"end":{"line":187,"column":1}},{"start":{"line":187,"column":1},"end":{"line":187,"column":1}}]},"15":{"line":189,"type":"if","locations":[{"start":{"line":189,"column":1},"end":{"line":189,"column":1}},{"start":{"line":189,"column":1},"end":{"line":189,"column":1}}]},"16":{"line":191,"type":"cond-expr","locations":[{"start":{"line":192,"column":3},"end":{"line":192,"column":27}},{"start":{"line":192,"column":30},"end":{"line":192,"column":55}}]},"17":{"line":191,"type":"binary-expr","locations":[{"start":{"line":191,"column":15},"end":{"line":191,"column":25}},{"start":{"line":191,"column":30},"end":{"line":191,"column":64}}]},"18":{"line":200,"type":"if","locations":[{"start":{"line":200,"column":1},"end":{"line":200,"column":1}},{"start":{"line":200,"column":1},"end":{"line":200,"column":1}}]},"19":{"line":201,"type":"if","locations":[{"start":{"line":201,"column":2},"end":{"line":201,"column":2}},{"start":{"line":201,"column":2},"end":{"line":201,"column":2}}]},"20":{"line":213,"type":"if","locations":[{"start":{"line":213,"column":1},"end":{"line":213,"column":1}},{"start":{"line":213,"column":1},"end":{"line":213,"column":1}}]},"21":{"line":215,"type":"if","locations":[{"start":{"line":215,"column":1},"end":{"line":215,"column":1}},{"start":{"line":215,"column":1},"end":{"line":215,"column":1}}]},"22":{"line":217,"type":"if","locations":[{"start":{"line":217,"column":1},"end":{"line":217,"column":1}},{"start":{"line":217,"column":1},"end":{"line":217,"column":1}}]},"23":{"line":219,"type":"cond-expr","locations":[{"start":{"line":220,"column":3},"end":{"line":220,"column":27}},{"start":{"line":220,"column":30},"end":{"line":220,"column":55}}]},"24":{"line":219,"type":"binary-expr","locations":[{"start":{"line":219,"column":15},"end":{"line":219,"column":25}},{"start":{"line":219,"column":30},"end":{"line":219,"column":68}}]},"25":{"line":228,"type":"if","locations":[{"start":{"line":228,"column":1},"end":{"line":228,"column":1}},{"start":{"line":228,"column":1},"end":{"line":228,"column":1}}]},"26":{"line":230,"type":"if","locations":[{"start":{"line":230,"column":1},"end":{"line":230,"column":1}},{"start":{"line":230,"column":1},"end":{"line":230,"column":1}}]},"27":{"line":232,"type":"if","locations":[{"start":{"line":232,"column":1},"end":{"line":232,"column":1}},{"start":{"line":232,"column":1},"end":{"line":232,"column":1}}]},"28":{"line":234,"type":"cond-expr","locations":[{"start":{"line":235,"column":3},"end":{"line":235,"column":27}},{"start":{"line":235,"column":30},"end":{"line":235,"column":55}}]},"29":{"line":234,"type":"binary-expr","locations":[{"start":{"line":234,"column":15},"end":{"line":234,"column":25}},{"start":{"line":234,"column":30},"end":{"line":234,"column":66}}]},"30":{"line":247,"type":"if","locations":[{"start":{"line":247,"column":1},"end":{"line":247,"column":1}},{"start":{"line":247,"column":1},"end":{"line":247,"column":1}}]},"31":{"line":250,"type":"if","locations":[{"start":{"line":250,"column":1},"end":{"line":250,"column":1}},{"start":{"line":250,"column":1},"end":{"line":250,"column":1}}]},"32":{"line":261,"type":"if","locations":[{"start":{"line":261,"column":1},"end":{"line":261,"column":1}},{"start":{"line":261,"column":1},"end":{"line":261,"column":1}}]},"33":{"line":264,"type":"if","locations":[{"start":{"line":264,"column":1},"end":{"line":264,"column":1}},{"start":{"line":264,"column":1},"end":{"line":264,"column":1}}]},"34":{"line":279,"type":"if","locations":[{"start":{"line":279,"column":1},"end":{"line":279,"column":1}},{"start":{"line":279,"column":1},"end":{"line":279,"column":1}}]},"35":{"line":280,"type":"if","locations":[{"start":{"line":280,"column":1},"end":{"line":280,"column":1}},{"start":{"line":280,"column":1},"end":{"line":280,"column":1}}]},"36":{"line":282,"type":"if","locations":[{"start":{"line":282,"column":1},"end":{"line":282,"column":1}},{"start":{"line":282,"column":1},"end":{"line":282,"column":1}}]},"37":{"line":283,"type":"if","locations":[{"start":{"line":283,"column":1},"end":{"line":283,"column":1}},{"start":{"line":283,"column":1},"end":{"line":283,"column":1}}]},"38":{"line":285,"type":"if","locations":[{"start":{"line":285,"column":1},"end":{"line":285,"column":1}},{"start":{"line":285,"column":1},"end":{"line":285,"column":1}}]},"39":{"line":286,"type":"if","locations":[{"start":{"line":286,"column":1},"end":{"line":286,"column":1}},{"start":{"line":286,"column":1},"end":{"line":286,"column":1}}]},"40":{"line":294,"type":"binary-expr","locations":[{"start":{"line":294,"column":16},"end":{"line":294,"column":32}},{"start":{"line":294,"column":36},"end":{"line":294,"column":55}},{"start":{"line":294,"column":59},"end":{"line":294,"column":60}}]},"41":{"line":301,"type":"cond-expr","locations":[{"start":{"line":301,"column":23},"end":{"line":301,"column":25}},{"start":{"line":301,"column":28},"end":{"line":301,"column":29}}]},"42":{"line":307,"type":"cond-expr","locations":[{"start":{"line":307,"column":24},"end":{"line":307,"column":26}},{"start":{"line":307,"column":29},"end":{"line":307,"column":30}}]},"43":{"line":313,"type":"if","locations":[{"start":{"line":313,"column":1},"end":{"line":313,"column":1}},{"start":{"line":313,"column":1},"end":{"line":313,"column":1}}]},"44":{"line":315,"type":"if","locations":[{"start":{"line":315,"column":1},"end":{"line":315,"column":1}},{"start":{"line":315,"column":1},"end":{"line":315,"column":1}}]},"45":{"line":321,"type":"if","locations":[{"start":{"line":321,"column":1},"end":{"line":321,"column":1}},{"start":{"line":321,"column":1},"end":{"line":321,"column":1}}]},"46":{"line":328,"type":"if","locations":[{"start":{"line":328,"column":1},"end":{"line":328,"column":1}},{"start":{"line":328,"column":1},"end":{"line":328,"column":1}}]},"47":{"line":330,"type":"if","locations":[{"start":{"line":330,"column":1},"end":{"line":330,"column":1}},{"start":{"line":330,"column":1},"end":{"line":330,"column":1}}]},"48":{"line":337,"type":"if","locations":[{"start":{"line":337,"column":1},"end":{"line":337,"column":1}},{"start":{"line":337,"column":1},"end":{"line":337,"column":1}}]},"49":{"line":349,"type":"if","locations":[{"start":{"line":349,"column":2},"end":{"line":349,"column":2}},{"start":{"line":349,"column":2},"end":{"line":349,"column":2}}]},"50":{"line":350,"type":"if","locations":[{"start":{"line":350,"column":3},"end":{"line":350,"column":3}},{"start":{"line":350,"column":3},"end":{"line":350,"column":3}}]},"51":{"line":351,"type":"cond-expr","locations":[{"start":{"line":351,"column":27},"end":{"line":351,"column":31}},{"start":{"line":351,"column":33},"end":{"line":351,"column":36}}]},"52":{"line":353,"type":"if","locations":[{"start":{"line":353,"column":3},"end":{"line":353,"column":3}},{"start":{"line":353,"column":3},"end":{"line":353,"column":3}}]}},"l":{"3":1,"4":1,"6":1,"8":1,"11":1,"12":0,"13":0,"14":0,"15":0,"17":0,"18":0,"20":0,"21":0,"23":0,"24":0,"26":0,"27":0,"28":0,"30":0,"31":0,"32":0,"35":1,"36":0,"38":0,"41":1,"42":0,"44":0,"45":0,"47":0,"48":0,"49":0,"51":0,"52":0,"53":0,"54":0,"56":0,"57":0,"58":0,"60":0,"61":0,"63":0,"65":0,"70":0,"71":0,"75":0,"76":0,"77":0,"80":0,"81":0,"82":0,"85":0,"86":0,"89":0,"90":0,"93":0,"94":0,"97":0,"98":0,"101":0,"104":1,"105":1,"107":1,"108":1,"110":1,"113":1,"114":1,"116":1,"118":1,"119":0,"121":0,"122":0,"124":0,"125":0,"127":0,"128":0,"131":1,"132":0,"134":0,"135":0,"136":0,"137":0,"138":0,"141":1,"142":0,"144":0,"145":0,"146":0,"149":1,"150":0,"153":0,"155":0,"157":0,"159":0,"160":0,"161":0,"162":0,"163":0,"164":0,"165":0,"169":1,"170":0,"172":0,"174":0,"175":0,"176":0,"178":0,"180":0,"184":1,"185":0,"187":0,"189":0,"190":0,"191":0,"193":0,"195":0,"199":1,"200":0,"201":0,"202":0,"205":0,"208":0,"209":0,"212":1,"213":0,"215":0,"217":0,"218":0,"219":0,"221":0,"223":0,"227":1,"228":0,"230":0,"232":0,"233":0,"234":0,"236":0,"238":0,"242":1,"243":0,"246":1,"247":0,"248":0,"250":0,"251":0,"252":0,"254":0,"257":0,"260":1,"261":0,"262":0,"264":0,"265":0,"266":0,"268":0,"272":0,"275":1,"276":0,"277":0,"279":0,"280":0,"282":0,"283":0,"285":0,"286":0,"292":1,"294":0,"298":0,"304":0,"312":1,"313":0,"315":0,"317":0,"320":1,"321":0,"323":0,"324":0,"327":1,"328":0,"330":0,"332":0,"333":0,"336":1,"337":0,"339":0,"340":0,"343":1,"344":0,"348":0,"349":0,"350":0,"351":0,"353":0,"354":0,"356":0,"361":0}},
"./src/utils.js":{"path":"./src/utils.js","s":{"1":1,"2":1,"3":1,"4":1,"5":1,"6":1,"7":1,"8":1},"b":{"1":[1,1,1,0],"2":[1,0,1,1,0,0,0],"3":[1,0,1,1,0,0,0],"4":[1,0,1,1,0,0,0],"5":[1,0,1,1,0,0,0],"6":[1,0,1,1,0,0,0]},"f":{"1":0},"fnMap":{"1":{"name":"(anonymous_1)","line":3,"loc":{"start":{"line":3,"column":26},"end":{"line":3,"column":36}}}},"statementMap":{"1":{"start":{"line":3,"column":0},"end":{"line":3,"column":39}},"2":{"start":{"line":5,"column":0},"end":{"line":8,"column":12}},"3":{"start":{"line":10,"column":0},"end":{"line":10,"column":36}},"4":{"start":{"line":11,"column":0},"end":{"line":14,"column":20}},"5":{"start":{"line":16,"column":0},"end":{"line":19,"column":21}},"6":{"start":{"line":21,"column":0},"end":{"line":24,"column":17}},"7":{"start":{"line":26,"column":0},"end":{"line":29,"column":17}},"8":{"start":{"line":31,"column":0},"end":{"line":34,"column":17}}},"branchMap":{"1":{"line":5,"type":"binary-expr","locations":[{"start":{"line":5,"column":28},"end":{"line":5,"column":70}},{"start":{"line":6,"column":7},"end":{"line":6,"column":52}},{"start":{"line":7,"column":7},"end":{"line":7,"column":55}},{"start":{"line":8,"column":7},"end":{"line":8,"column":11}}]},"2":{"line":11,"type":"binary-expr","locations":[{"start":{"line":11,"column":31},"end":{"line":11,"column":63}},{"start":{"line":11,"column":68},"end":{"line":11,"column":81}},{"start":{"line":12,"column":9},"end":{"line":12,"column":45}},{"start":{"line":12,"column":50},"end":{"line":12,"column":67}},{"start":{"line":13,"column":9},"end":{"line":13,"column":42}},{"start":{"line":13,"column":47},"end":{"line":13,"column":61}},{"start":{"line":14,"column":8},"end":{"line":14,"column":19}}]},"3":{"line":16,"type":"binary-expr","locations":[{"start":{"line":16,"column":31},"end":{"line":16,"column":64}},{"start":{"line":16,"column":69},"end":{"line":16,"column":83}},{"start":{"line":17,"column":9},"end":{"line":17,"column":46}},{"start":{"line":17,"column":51},"end":{"line":17,"column":69}},{"start":{"line":18,"column":9},"end":{"line":18,"column":43}},{"start":{"line":18,"column":48},"end":{"line":18,"column":63}},{"start":{"line":19,"column":8},"end":{"line":19,"column":20}}]},"4":{"line":21,"type":"binary-expr","locations":[{"start":{"line":21,"column":29},"end":{"line":21,"column":58}},{"start":{"line":21,"column":63},"end":{"line":21,"column":73}},{"start":{"line":22,"column":9},"end":{"line":22,"column":42}},{"start":{"line":22,"column":47},"end":{"line":22,"column":61}},{"start":{"line":23,"column":9},"end":{"line":23,"column":39}},{"start":{"line":23,"column":44},"end":{"line":23,"column":55}},{"start":{"line":24,"column":8},"end":{"line":24,"column":16}}]},"5":{"line":26,"type":"binary-expr","locations":[{"start":{"line":26,"column":31},"end":{"line":26,"column":60}},{"start":{"line":26,"column":65},"end":{"line":26,"column":77}},{"start":{"line":27,"column":9},"end":{"line":27,"column":42}},{"start":{"line":27,"column":47},"end":{"line":27,"column":63}},{"start":{"line":28,"column":9},"end":{"line":28,"column":39}},{"start":{"line":28,"column":44},"end":{"line":28,"column":57}},{"start":{"line":29,"column":8},"end":{"line":29,"column":16}}]},"6":{"line":31,"type":"binary-expr","locations":[{"start":{"line":31,"column":33},"end":{"line":31,"column":65}},{"start":{"line":31,"column":70},"end":{"line":31,"column":85}},{"start":{"line":32,"column":9},"end":{"line":32,"column":45}},{"start":{"line":32,"column":50},"end":{"line":32,"column":69}},{"start":{"line":33,"column":9},"end":{"line":33,"column":42}},{"start":{"line":33,"column":47},"end":{"line":33,"column":63}},{"start":{"line":34,"column":8},"end":{"line":34,"column":16}}]}},"l":{"3":1,"5":1,"10":1,"11":1,"16":1,"21":1,"26":1,"31":1}}}
