TN:
SF:./src/surface.js
FN:11,(anonymous_1)
FN:35,(anonymous_2)
FN:41,(anonymous_3)
FN:64,(anonymous_4)
FN:69,(anonymous_5)
FN:76,(anonymous_6)
FN:77,(anonymous_7)
FN:81,(anonymous_8)
FN:82,(anonymous_9)
FN:86,(anonymous_10)
FN:90,(anonymous_11)
FN:94,(anonymous_12)
FN:98,(anonymous_13)
FN:118,(anonymous_14)
FN:131,(anonymous_15)
FN:141,(anonymous_16)
FN:149,(anonymous_17)
FN:169,(anonymous_18)
FN:184,(anonymous_19)
FN:199,(anonymous_20)
FN:212,(anonymous_21)
FN:227,(anonymous_22)
FN:242,preventDefault
FN:246,(anonymous_24)
FN:260,(anonymous_25)
FN:275,(anonymous_26)
FN:292,(anonymous_27)
FN:312,(anonymous_28)
FN:320,(anonymous_29)
FN:327,(anonymous_30)
FN:336,(anonymous_31)
FN:343,(anonymous_32)
FNF:32
FNH:0
FNDA:0,(anonymous_1)
FNDA:0,(anonymous_2)
FNDA:0,(anonymous_3)
FNDA:0,(anonymous_4)
FNDA:0,(anonymous_5)
FNDA:0,(anonymous_6)
FNDA:0,(anonymous_7)
FNDA:0,(anonymous_8)
FNDA:0,(anonymous_9)
FNDA:0,(anonymous_10)
FNDA:0,(anonymous_11)
FNDA:0,(anonymous_12)
FNDA:0,(anonymous_13)
FNDA:0,(anonymous_14)
FNDA:0,(anonymous_15)
FNDA:0,(anonymous_16)
FNDA:0,(anonymous_17)
FNDA:0,(anonymous_18)
FNDA:0,(anonymous_19)
FNDA:0,(anonymous_20)
FNDA:0,(anonymous_21)
FNDA:0,(anonymous_22)
FNDA:0,preventDefault
FNDA:0,(anonymous_24)
FNDA:0,(anonymous_25)
FNDA:0,(anonymous_26)
FNDA:0,(anonymous_27)
FNDA:0,(anonymous_28)
FNDA:0,(anonymous_29)
FNDA:0,(anonymous_30)
FNDA:0,(anonymous_31)
FNDA:0,(anonymous_32)
DA:3,1
DA:4,1
DA:6,1
DA:8,1
DA:11,1
DA:12,0
DA:13,0
DA:14,0
DA:15,0
DA:17,0
DA:18,0
DA:20,0
DA:21,0
DA:23,0
DA:24,0
DA:26,0
DA:27,0
DA:28,0
DA:30,0
DA:31,0
DA:32,0
DA:35,1
DA:36,0
DA:38,0
DA:41,1
DA:42,0
DA:44,0
DA:45,0
DA:47,0
DA:48,0
DA:49,0
DA:51,0
DA:52,0
DA:53,0
DA:54,0
DA:56,0
DA:57,0
DA:58,0
DA:60,0
DA:61,0
DA:63,0
DA:65,0
DA:70,0
DA:71,0
DA:75,0
DA:76,0
DA:77,0
DA:80,0
DA:81,0
DA:82,0
DA:85,0
DA:86,0
DA:89,0
DA:90,0
DA:93,0
DA:94,0
DA:97,0
DA:98,0
DA:101,0
DA:104,1
DA:105,1
DA:107,1
DA:108,1
DA:110,1
DA:113,1
DA:114,1
DA:116,1
DA:118,1
DA:119,0
DA:121,0
DA:122,0
DA:124,0
DA:125,0
DA:127,0
DA:128,0
DA:131,1
DA:132,0
DA:134,0
DA:135,0
DA:136,0
DA:137,0
DA:138,0
DA:141,1
DA:142,0
DA:144,0
DA:145,0
DA:146,0
DA:149,1
DA:150,0
DA:153,0
DA:155,0
DA:157,0
DA:159,0
DA:160,0
DA:161,0
DA:162,0
DA:163,0
DA:164,0
DA:165,0
DA:169,1
DA:170,0
DA:172,0
DA:174,0
DA:175,0
DA:176,0
DA:178,0
DA:180,0
DA:184,1
DA:185,0
DA:187,0
DA:189,0
DA:190,0
DA:191,0
DA:193,0
DA:195,0
DA:199,1
DA:200,0
DA:201,0
DA:202,0
DA:205,0
DA:208,0
DA:209,0
DA:212,1
DA:213,0
DA:215,0
DA:217,0
DA:218,0
DA:219,0
DA:221,0
DA:223,0
DA:227,1
DA:228,0
DA:230,0
DA:232,0
DA:233,0
DA:234,0
DA:236,0
DA:238,0
DA:242,1
DA:243,0
DA:246,1
DA:247,0
DA:248,0
DA:250,0
DA:251,0
DA:252,0
DA:254,0
DA:257,0
DA:260,1
DA:261,0
DA:262,0
DA:264,0
DA:265,0
DA:266,0
DA:268,0
DA:272,0
DA:275,1
DA:276,0
DA:277,0
DA:279,0
DA:280,0
DA:282,0
DA:283,0
DA:285,0
DA:286,0
DA:292,1
DA:294,0
DA:298,0
DA:304,0
DA:312,1
DA:313,0
DA:315,0
DA:317,0
DA:320,1
DA:321,0
DA:323,0
DA:324,0
DA:327,1
DA:328,0
DA:330,0
DA:332,0
DA:333,0
DA:336,1
DA:337,0
DA:339,0
DA:340,0
DA:343,1
DA:344,0
DA:348,0
DA:349,0
DA:350,0
DA:351,0
DA:353,0
DA:354,0
DA:356,0
DA:361,0
LF:196
LH:34
BRDA:65,1,0,0
BRDA:65,1,1,0
BRDA:132,2,0,0
BRDA:132,2,1,0
BRDA:142,3,0,0
BRDA:142,3,1,0
BRDA:159,4,0,0
BRDA:159,4,1,0
BRDA:159,5,0,0
BRDA:159,5,1,0
BRDA:164,6,0,0
BRDA:164,6,1,0
BRDA:164,7,0,0
BRDA:164,7,1,0
BRDA:164,7,2,0
BRDA:170,8,0,0
BRDA:170,8,1,0
BRDA:172,9,0,0
BRDA:172,9,1,0
BRDA:174,10,0,0
BRDA:174,10,1,0
BRDA:176,11,0,0
BRDA:176,11,1,0
BRDA:176,12,0,0
BRDA:176,12,1,0
BRDA:185,13,0,0
BRDA:185,13,1,0
BRDA:187,14,0,0
BRDA:187,14,1,0
BRDA:189,15,0,0
BRDA:189,15,1,0
BRDA:191,16,0,0
BRDA:191,16,1,0
BRDA:191,17,0,0
BRDA:191,17,1,0
BRDA:200,18,0,0
BRDA:200,18,1,0
BRDA:201,19,0,0
BRDA:201,19,1,0
BRDA:213,20,0,0
BRDA:213,20,1,0
BRDA:215,21,0,0
BRDA:215,21,1,0
BRDA:217,22,0,0
BRDA:217,22,1,0
BRDA:219,23,0,0
BRDA:219,23,1,0
BRDA:219,24,0,0
BRDA:219,24,1,0
BRDA:228,25,0,0
BRDA:228,25,1,0
BRDA:230,26,0,0
BRDA:230,26,1,0
BRDA:232,27,0,0
BRDA:232,27,1,0
BRDA:234,28,0,0
BRDA:234,28,1,0
BRDA:234,29,0,0
BRDA:234,29,1,0
BRDA:247,30,0,0
BRDA:247,30,1,0
BRDA:250,31,0,0
BRDA:250,31,1,0
BRDA:261,32,0,0
BRDA:261,32,1,0
BRDA:264,33,0,0
BRDA:264,33,1,0
BRDA:279,34,0,0
BRDA:279,34,1,0
BRDA:280,35,0,0
BRDA:280,35,1,0
BRDA:282,36,0,0
BRDA:282,36,1,0
BRDA:283,37,0,0
BRDA:283,37,1,0
BRDA:285,38,0,0
BRDA:285,38,1,0
BRDA:286,39,0,0
BRDA:286,39,1,0
BRDA:294,40,0,0
BRDA:294,40,1,0
BRDA:294,40,2,0
BRDA:301,41,0,0
BRDA:301,41,1,0
BRDA:307,42,0,0
BRDA:307,42,1,0
BRDA:313,43,0,0
BRDA:313,43,1,0
BRDA:315,44,0,0
BRDA:315,44,1,0
BRDA:321,45,0,0
BRDA:321,45,1,0
BRDA:328,46,0,0
BRDA:328,46,1,0
BRDA:330,47,0,0
BRDA:330,47,1,0
BRDA:337,48,0,0
BRDA:337,48,1,0
BRDA:349,49,0,0
BRDA:349,49,1,0
BRDA:350,50,0,0
BRDA:350,50,1,0
BRDA:351,51,0,0
BRDA:351,51,1,0
BRDA:353,52,0,0
BRDA:353,52,1,0
BRF:106
BRH:0
end_of_record
TN:
SF:./src/utils.js
FN:3,(anonymous_1)
FNF:1
FNH:0
FNDA:0,(anonymous_1)
DA:3,1
DA:5,1
DA:10,1
DA:11,1
DA:16,1
DA:21,1
DA:26,1
DA:31,1
LF:8
LH:8
BRDA:5,1,0,1
BRDA:5,1,1,1
BRDA:5,1,2,1
BRDA:5,1,3,0
BRDA:11,2,0,1
BRDA:11,2,1,0
BRDA:11,2,2,1
BRDA:11,2,3,1
BRDA:11,2,4,0
BRDA:11,2,5,0
BRDA:11,2,6,0
BRDA:16,3,0,1
BRDA:16,3,1,0
BRDA:16,3,2,1
BRDA:16,3,3,1
BRDA:16,3,4,0
BRDA:16,3,5,0
BRDA:16,3,6,0
BRDA:21,4,0,1
BRDA:21,4,1,0
BRDA:21,4,2,1
BRDA:21,4,3,1
BRDA:21,4,4,0
BRDA:21,4,5,0
BRDA:21,4,6,0
BRDA:26,5,0,1
BRDA:26,5,1,0
BRDA:26,5,2,1
BRDA:26,5,3,1
BRDA:26,5,4,0
BRDA:26,5,5,0
BRDA:26,5,6,0
BRDA:31,6,0,1
BRDA:31,6,1,0
BRDA:31,6,2,1
BRDA:31,6,3,1
BRDA:31,6,4,0
BRDA:31,6,5,0
BRDA:31,6,6,0
BRF:39
BRH:18
end_of_record
