<?xml version="1.0" ?>
<!DOCTYPE coverage SYSTEM "http://cobertura.sourceforge.net/xml/coverage-04.dtd">
<coverage lines-valid="204"  lines-covered="42"  line-rate="0.2059"  branches-valid="145"  branches-covered="22"  branch-rate="0.1517"  timestamp="1410157381322" complexity="0" version="0.1">
<sources>
	<source>/Users/ozan/code/big-surface</source>
</sources>
<packages>
	<package name="src"  line-rate="0.2059"  branch-rate="0.1517" >
	<classes>
		<class name="surface.js"  filename="src/surface.js"  line-rate="0.17350000000000002"  branch-rate="0" >
		<methods>
			<method name="(anonymous_1)"  hits="0"  signature="()V" >
				<lines><line number="11"  hits="0" /></lines>
			</method>
			<method name="(anonymous_2)"  hits="0"  signature="()V" >
				<lines><line number="35"  hits="0" /></lines>
			</method>
			<method name="(anonymous_3)"  hits="0"  signature="()V" >
				<lines><line number="41"  hits="0" /></lines>
			</method>
			<method name="(anonymous_4)"  hits="0"  signature="()V" >
				<lines><line number="64"  hits="0" /></lines>
			</method>
			<method name="(anonymous_5)"  hits="0"  signature="()V" >
				<lines><line number="69"  hits="0" /></lines>
			</method>
			<method name="(anonymous_6)"  hits="0"  signature="()V" >
				<lines><line number="76"  hits="0" /></lines>
			</method>
			<method name="(anonymous_7)"  hits="0"  signature="()V" >
				<lines><line number="77"  hits="0" /></lines>
			</method>
			<method name="(anonymous_8)"  hits="0"  signature="()V" >
				<lines><line number="81"  hits="0" /></lines>
			</method>
			<method name="(anonymous_9)"  hits="0"  signature="()V" >
				<lines><line number="82"  hits="0" /></lines>
			</method>
			<method name="(anonymous_10)"  hits="0"  signature="()V" >
				<lines><line number="86"  hits="0" /></lines>
			</method>
			<method name="(anonymous_11)"  hits="0"  signature="()V" >
				<lines><line number="90"  hits="0" /></lines>
			</method>
			<method name="(anonymous_12)"  hits="0"  signature="()V" >
				<lines><line number="94"  hits="0" /></lines>
			</method>
			<method name="(anonymous_13)"  hits="0"  signature="()V" >
				<lines><line number="98"  hits="0" /></lines>
			</method>
			<method name="(anonymous_14)"  hits="0"  signature="()V" >
				<lines><line number="118"  hits="0" /></lines>
			</method>
			<method name="(anonymous_15)"  hits="0"  signature="()V" >
				<lines><line number="131"  hits="0" /></lines>
			</method>
			<method name="(anonymous_16)"  hits="0"  signature="()V" >
				<lines><line number="141"  hits="0" /></lines>
			</method>
			<method name="(anonymous_17)"  hits="0"  signature="()V" >
				<lines><line number="149"  hits="0" /></lines>
			</method>
			<method name="(anonymous_18)"  hits="0"  signature="()V" >
				<lines><line number="169"  hits="0" /></lines>
			</method>
			<method name="(anonymous_19)"  hits="0"  signature="()V" >
				<lines><line number="184"  hits="0" /></lines>
			</method>
			<method name="(anonymous_20)"  hits="0"  signature="()V" >
				<lines><line number="199"  hits="0" /></lines>
			</method>
			<method name="(anonymous_21)"  hits="0"  signature="()V" >
				<lines><line number="212"  hits="0" /></lines>
			</method>
			<method name="(anonymous_22)"  hits="0"  signature="()V" >
				<lines><line number="227"  hits="0" /></lines>
			</method>
			<method name="preventDefault"  hits="0"  signature="()V" >
				<lines><line number="242"  hits="0" /></lines>
			</method>
			<method name="(anonymous_24)"  hits="0"  signature="()V" >
				<lines><line number="246"  hits="0" /></lines>
			</method>
			<method name="(anonymous_25)"  hits="0"  signature="()V" >
				<lines><line number="260"  hits="0" /></lines>
			</method>
			<method name="(anonymous_26)"  hits="0"  signature="()V" >
				<lines><line number="275"  hits="0" /></lines>
			</method>
			<method name="(anonymous_27)"  hits="0"  signature="()V" >
				<lines><line number="292"  hits="0" /></lines>
			</method>
			<method name="(anonymous_28)"  hits="0"  signature="()V" >
				<lines><line number="312"  hits="0" /></lines>
			</method>
			<method name="(anonymous_29)"  hits="0"  signature="()V" >
				<lines><line number="320"  hits="0" /></lines>
			</method>
			<method name="(anonymous_30)"  hits="0"  signature="()V" >
				<lines><line number="327"  hits="0" /></lines>
			</method>
			<method name="(anonymous_31)"  hits="0"  signature="()V" >
				<lines><line number="336"  hits="0" /></lines>
			</method>
			<method name="(anonymous_32)"  hits="0"  signature="()V" >
				<lines><line number="343"  hits="0" /></lines>
			</method>
		</methods>
		<lines>
			<line number="3"  hits="1"  branch="false" />
			<line number="4"  hits="1"  branch="false" />
			<line number="6"  hits="1"  branch="false" />
			<line number="8"  hits="1"  branch="false" />
			<line number="11"  hits="1"  branch="false" />
			<line number="12"  hits="0"  branch="false" />
			<line number="13"  hits="0"  branch="false" />
			<line number="14"  hits="0"  branch="false" />
			<line number="15"  hits="0"  branch="false" />
			<line number="17"  hits="0"  branch="false" />
			<line number="18"  hits="0"  branch="false" />
			<line number="20"  hits="0"  branch="false" />
			<line number="21"  hits="0"  branch="false" />
			<line number="23"  hits="0"  branch="false" />
			<line number="24"  hits="0"  branch="false" />
			<line number="26"  hits="0"  branch="false" />
			<line number="27"  hits="0"  branch="false" />
			<line number="28"  hits="0"  branch="false" />
			<line number="30"  hits="0"  branch="false" />
			<line number="31"  hits="0"  branch="false" />
			<line number="32"  hits="0"  branch="false" />
			<line number="35"  hits="1"  branch="false" />
			<line number="36"  hits="0"  branch="false" />
			<line number="38"  hits="0"  branch="false" />
			<line number="41"  hits="1"  branch="false" />
			<line number="42"  hits="0"  branch="false" />
			<line number="44"  hits="0"  branch="false" />
			<line number="45"  hits="0"  branch="false" />
			<line number="47"  hits="0"  branch="false" />
			<line number="48"  hits="0"  branch="false" />
			<line number="49"  hits="0"  branch="false" />
			<line number="51"  hits="0"  branch="false" />
			<line number="52"  hits="0"  branch="false" />
			<line number="53"  hits="0"  branch="false" />
			<line number="54"  hits="0"  branch="false" />
			<line number="56"  hits="0"  branch="false" />
			<line number="57"  hits="0"  branch="false" />
			<line number="58"  hits="0"  branch="false" />
			<line number="60"  hits="0"  branch="false" />
			<line number="61"  hits="0"  branch="false" />
			<line number="63"  hits="0"  branch="false" />
			<line number="65"  hits="0"  branch="true"  condition-coverage="0% (0/2)" />
			<line number="70"  hits="0"  branch="false" />
			<line number="71"  hits="0"  branch="false" />
			<line number="75"  hits="0"  branch="false" />
			<line number="76"  hits="0"  branch="false" />
			<line number="77"  hits="0"  branch="false" />
			<line number="80"  hits="0"  branch="false" />
			<line number="81"  hits="0"  branch="false" />
			<line number="82"  hits="0"  branch="false" />
			<line number="85"  hits="0"  branch="false" />
			<line number="86"  hits="0"  branch="false" />
			<line number="89"  hits="0"  branch="false" />
			<line number="90"  hits="0"  branch="false" />
			<line number="93"  hits="0"  branch="false" />
			<line number="94"  hits="0"  branch="false" />
			<line number="97"  hits="0"  branch="false" />
			<line number="98"  hits="0"  branch="false" />
			<line number="101"  hits="0"  branch="false" />
			<line number="104"  hits="1"  branch="false" />
			<line number="105"  hits="1"  branch="false" />
			<line number="107"  hits="1"  branch="false" />
			<line number="108"  hits="1"  branch="false" />
			<line number="110"  hits="1"  branch="false" />
			<line number="113"  hits="1"  branch="false" />
			<line number="114"  hits="1"  branch="false" />
			<line number="116"  hits="1"  branch="false" />
			<line number="118"  hits="1"  branch="false" />
			<line number="119"  hits="0"  branch="false" />
			<line number="121"  hits="0"  branch="false" />
			<line number="122"  hits="0"  branch="false" />
			<line number="124"  hits="0"  branch="false" />
			<line number="125"  hits="0"  branch="false" />
			<line number="127"  hits="0"  branch="false" />
			<line number="128"  hits="0"  branch="false" />
			<line number="131"  hits="1"  branch="false" />
			<line number="132"  hits="0"  branch="true"  condition-coverage="0% (0/2)" />
			<line number="134"  hits="0"  branch="false" />
			<line number="135"  hits="0"  branch="false" />
			<line number="136"  hits="0"  branch="false" />
			<line number="137"  hits="0"  branch="false" />
			<line number="138"  hits="0"  branch="false" />
			<line number="141"  hits="1"  branch="false" />
			<line number="142"  hits="0"  branch="true"  condition-coverage="0% (0/2)" />
			<line number="144"  hits="0"  branch="false" />
			<line number="145"  hits="0"  branch="false" />
			<line number="146"  hits="0"  branch="false" />
			<line number="149"  hits="1"  branch="false" />
			<line number="150"  hits="0"  branch="false" />
			<line number="153"  hits="0"  branch="false" />
			<line number="155"  hits="0"  branch="false" />
			<line number="157"  hits="0"  branch="false" />
			<line number="159"  hits="0"  branch="true"  condition-coverage="0% (0/4)" />
			<line number="160"  hits="0"  branch="false" />
			<line number="161"  hits="0"  branch="false" />
			<line number="162"  hits="0"  branch="false" />
			<line number="163"  hits="0"  branch="false" />
			<line number="164"  hits="0"  branch="true"  condition-coverage="0% (0/5)" />
			<line number="165"  hits="0"  branch="false" />
			<line number="169"  hits="1"  branch="false" />
			<line number="170"  hits="0"  branch="true"  condition-coverage="0% (0/2)" />
			<line number="172"  hits="0"  branch="true"  condition-coverage="0% (0/2)" />
			<line number="174"  hits="0"  branch="true"  condition-coverage="0% (0/2)" />
			<line number="175"  hits="0"  branch="false" />
			<line number="176"  hits="0"  branch="true"  condition-coverage="0% (0/4)" />
			<line number="178"  hits="0"  branch="false" />
			<line number="180"  hits="0"  branch="false" />
			<line number="184"  hits="1"  branch="false" />
			<line number="185"  hits="0"  branch="true"  condition-coverage="0% (0/2)" />
			<line number="187"  hits="0"  branch="true"  condition-coverage="0% (0/2)" />
			<line number="189"  hits="0"  branch="true"  condition-coverage="0% (0/2)" />
			<line number="190"  hits="0"  branch="false" />
			<line number="191"  hits="0"  branch="true"  condition-coverage="0% (0/4)" />
			<line number="193"  hits="0"  branch="false" />
			<line number="195"  hits="0"  branch="false" />
			<line number="199"  hits="1"  branch="false" />
			<line number="200"  hits="0"  branch="true"  condition-coverage="0% (0/2)" />
			<line number="201"  hits="0"  branch="true"  condition-coverage="0% (0/2)" />
			<line number="202"  hits="0"  branch="false" />
			<line number="205"  hits="0"  branch="false" />
			<line number="208"  hits="0"  branch="false" />
			<line number="209"  hits="0"  branch="false" />
			<line number="212"  hits="1"  branch="false" />
			<line number="213"  hits="0"  branch="true"  condition-coverage="0% (0/2)" />
			<line number="215"  hits="0"  branch="true"  condition-coverage="0% (0/2)" />
			<line number="217"  hits="0"  branch="true"  condition-coverage="0% (0/2)" />
			<line number="218"  hits="0"  branch="false" />
			<line number="219"  hits="0"  branch="true"  condition-coverage="0% (0/4)" />
			<line number="221"  hits="0"  branch="false" />
			<line number="223"  hits="0"  branch="false" />
			<line number="227"  hits="1"  branch="false" />
			<line number="228"  hits="0"  branch="true"  condition-coverage="0% (0/2)" />
			<line number="230"  hits="0"  branch="true"  condition-coverage="0% (0/2)" />
			<line number="232"  hits="0"  branch="true"  condition-coverage="0% (0/2)" />
			<line number="233"  hits="0"  branch="false" />
			<line number="234"  hits="0"  branch="true"  condition-coverage="0% (0/4)" />
			<line number="236"  hits="0"  branch="false" />
			<line number="238"  hits="0"  branch="false" />
			<line number="242"  hits="1"  branch="false" />
			<line number="243"  hits="0"  branch="false" />
			<line number="246"  hits="1"  branch="false" />
			<line number="247"  hits="0"  branch="true"  condition-coverage="0% (0/2)" />
			<line number="248"  hits="0"  branch="false" />
			<line number="250"  hits="0"  branch="true"  condition-coverage="0% (0/2)" />
			<line number="251"  hits="0"  branch="false" />
			<line number="252"  hits="0"  branch="false" />
			<line number="254"  hits="0"  branch="false" />
			<line number="257"  hits="0"  branch="false" />
			<line number="260"  hits="1"  branch="false" />
			<line number="261"  hits="0"  branch="true"  condition-coverage="0% (0/2)" />
			<line number="262"  hits="0"  branch="false" />
			<line number="264"  hits="0"  branch="true"  condition-coverage="0% (0/2)" />
			<line number="265"  hits="0"  branch="false" />
			<line number="266"  hits="0"  branch="false" />
			<line number="268"  hits="0"  branch="false" />
			<line number="272"  hits="0"  branch="false" />
			<line number="275"  hits="1"  branch="false" />
			<line number="276"  hits="0"  branch="false" />
			<line number="277"  hits="0"  branch="false" />
			<line number="279"  hits="0"  branch="true"  condition-coverage="0% (0/2)" />
			<line number="280"  hits="0"  branch="true"  condition-coverage="0% (0/2)" />
			<line number="282"  hits="0"  branch="true"  condition-coverage="0% (0/2)" />
			<line number="283"  hits="0"  branch="true"  condition-coverage="0% (0/2)" />
			<line number="285"  hits="0"  branch="true"  condition-coverage="0% (0/2)" />
			<line number="286"  hits="0"  branch="true"  condition-coverage="0% (0/2)" />
			<line number="292"  hits="1"  branch="false" />
			<line number="294"  hits="0"  branch="true"  condition-coverage="0% (0/3)" />
			<line number="298"  hits="0"  branch="false" />
			<line number="304"  hits="0"  branch="false" />
			<line number="312"  hits="1"  branch="false" />
			<line number="313"  hits="0"  branch="true"  condition-coverage="0% (0/2)" />
			<line number="315"  hits="0"  branch="true"  condition-coverage="0% (0/2)" />
			<line number="317"  hits="0"  branch="false" />
			<line number="320"  hits="1"  branch="false" />
			<line number="321"  hits="0"  branch="true"  condition-coverage="0% (0/2)" />
			<line number="323"  hits="0"  branch="false" />
			<line number="324"  hits="0"  branch="false" />
			<line number="327"  hits="1"  branch="false" />
			<line number="328"  hits="0"  branch="true"  condition-coverage="0% (0/2)" />
			<line number="330"  hits="0"  branch="true"  condition-coverage="0% (0/2)" />
			<line number="332"  hits="0"  branch="false" />
			<line number="333"  hits="0"  branch="false" />
			<line number="336"  hits="1"  branch="false" />
			<line number="337"  hits="0"  branch="true"  condition-coverage="0% (0/2)" />
			<line number="339"  hits="0"  branch="false" />
			<line number="340"  hits="0"  branch="false" />
			<line number="343"  hits="1"  branch="false" />
			<line number="344"  hits="0"  branch="false" />
			<line number="348"  hits="0"  branch="false" />
			<line number="349"  hits="0"  branch="true"  condition-coverage="0% (0/2)" />
			<line number="350"  hits="0"  branch="true"  condition-coverage="0% (0/2)" />
			<line number="351"  hits="0"  branch="true"  condition-coverage="0% (0/2)" />
			<line number="353"  hits="0"  branch="true"  condition-coverage="0% (0/2)" />
			<line number="354"  hits="0"  branch="false" />
			<line number="356"  hits="0"  branch="false" />
			<line number="361"  hits="0"  branch="false" />
		</lines>
		</class>
		<class name="utils.js"  filename="src/utils.js"  line-rate="1"  branch-rate="0.5640999999999999" >
		<methods>
			<method name="(anonymous_1)"  hits="0"  signature="()V" >
				<lines><line number="3"  hits="0" /></lines>
			</method>
		</methods>
		<lines>
			<line number="3"  hits="1"  branch="false" />
			<line number="5"  hits="1"  branch="true"  condition-coverage="50% (2/4)" />
			<line number="10"  hits="1"  branch="false" />
			<line number="11"  hits="1"  branch="true"  condition-coverage="57.14285714285714% (4/7)" />
			<line number="16"  hits="1"  branch="true"  condition-coverage="57.14285714285714% (4/7)" />
			<line number="21"  hits="1"  branch="true"  condition-coverage="57.14285714285714% (4/7)" />
			<line number="26"  hits="1"  branch="true"  condition-coverage="57.14285714285714% (4/7)" />
			<line number="31"  hits="1"  branch="true"  condition-coverage="57.14285714285714% (4/7)" />
		</lines>
		</class>
	</classes>
	</package>
</packages>
</coverage>
